{"numFailedTestSuites":0,"numFailedTests":0,"numPassedTestSuites":5,"numPassedTests":12,"numPendingTestSuites":0,"numPendingTests":0,"numRuntimeErrorTestSuites":0,"numTotalTestSuites":5,"numTotalTests":12,"snapshot":{"added":0,"didUpdate":false,"failure":false,"filesAdded":0,"filesRemoved":0,"filesUnmatched":0,"filesUpdated":0,"matched":10,"total":10,"unchecked":0,"unmatched":0,"updated":0},"startTime":1526228545222,"success":true,"testResults":[{"assertionResults":[{"failureMessages":[],"status":"passed","title":"should render the component"},{"failureMessages":[],"status":"passed","title":"should init component with given `value` prop"},{"failureMessages":[],"status":"passed","title":"should call `onChangeFn` when value is changed"}],"endTime":1526228548858,"message":"","name":"/Users/vinicius/dev/logistics-rooster-dashboard-forecast/src/components/PeriodSelector/Timepicker/tests/index.test.js","startTime":1526228547815,"status":"passed","summary":""},{"assertionResults":[{"failureMessages":[],"status":"passed","title":"should render the component"},{"failureMessages":[],"status":"passed","title":"should init component with given `initialValue` prop"},{"failureMessages":[],"status":"passed","title":"should call `onChangeFn` when value is changed"}],"endTime":1526228548861,"message":"","name":"/Users/vinicius/dev/logistics-rooster-dashboard-forecast/src/components/ZoneSelector/tests/index.test.js","startTime":1526228547798,"status":"passed","summary":""},{"assertionResults":[{"failureMessages":[],"status":"passed","title":"should render the component"},{"failureMessages":[],"status":"passed","title":"should init component with given `value` prop"}],"endTime":1526228548911,"message":"","name":"/Users/vinicius/dev/logistics-rooster-dashboard-forecast/src/components/PeriodSelector/tests/index.test.js","startTime":1526228547794,"status":"passed","summary":""},{"assertionResults":[{"failureMessages":[],"status":"passed","title":"should render the component without seconds"},{"failureMessages":[],"status":"passed","title":"should render the component with seconds"}],"endTime":1526228549166,"message":"","name":"/Users/vinicius/dev/logistics-rooster-dashboard-forecast/src/components/TimeSpanDisplay/tests/index.test.js","startTime":1526228549045,"status":"passed","summary":""},{"assertionResults":[{"failureMessages":[],"status":"passed","title":"should render the component without seconds"},{"failureMessages":[],"status":"passed","title":"should render the component with seconds"}],"endTime":1526228549168,"message":"","name":"/Users/vinicius/dev/logistics-rooster-dashboard-forecast/src/components/TimeSpanDisplay/tests/Time.test.js","startTime":1526228549045,"status":"passed","summary":""}],"wasInterrupted":false}