{"numFailedTestSuites":0,"numFailedTests":0,"numPassedTestSuites":3,"numPassedTests":8,"numPendingTestSuites":0,"numPendingTests":0,"numRuntimeErrorTestSuites":0,"numTotalTestSuites":3,"numTotalTests":8,"snapshot":{"added":0,"didUpdate":true,"failure":false,"filesAdded":0,"filesRemoved":0,"filesUnmatched":0,"filesUpdated":1,"matched":5,"total":6,"unchecked":0,"unmatched":0,"updated":1},"startTime":1525788112752,"success":true,"testResults":[{"assertionResults":[{"failureMessages":[],"status":"passed","title":"should render the component"},{"failureMessages":[],"status":"passed","title":"should init component with given `initialValue` prop"},{"failureMessages":[],"status":"passed","title":"should call `onChangeFn` when value is changed"}],"endTime":1525788112827,"message":"","name":"/Users/v.pereira/dev/rooster-forecast/src/components/ZoneSelector/tests/index.test.js","startTime":1525788112805,"status":"passed","summary":""},{"assertionResults":[{"failureMessages":[],"status":"passed","title":"should render the component"},{"failureMessages":[],"status":"passed","title":"should init component with given `value` prop"},{"failureMessages":[],"status":"passed","title":"should call `onChangeFn` when value is changed"}],"endTime":1525788112898,"message":"","name":"/Users/v.pereira/dev/rooster-forecast/src/components/PeriodSelector/Timepicker/tests/index.test.js","startTime":1525788112874,"status":"passed","summary":""},{"assertionResults":[{"failureMessages":[],"status":"passed","title":"should render the component"},{"failureMessages":[],"status":"passed","title":"should init component with given `value` prop"}],"endTime":1525788112965,"message":"","name":"/Users/v.pereira/dev/rooster-forecast/src/components/PeriodSelector/tests/index.test.js","startTime":1525788112942,"status":"passed","summary":""}],"wasInterrupted":false}